{
  "stats": {
    "suites": 2,
    "tests": 1,
    "passes": 1,
    "pending": 0,
    "failures": 0,
    "start": "2020-06-14T06:54:45.091Z",
    "end": "2020-06-14T06:54:45.098Z",
    "duration": 7,
    "testsRegistered": 1,
    "passPercent": 100,
    "pendingPercent": 0,
    "other": 0,
    "hasOther": false,
    "skipped": 0,
    "hasSkipped": false
  },
  "results": [
    {
      "uuid": "899879b0-9d01-4425-8166-427a256183cd",
      "title": "",
      "fullFile": "",
      "file": "",
      "beforeHooks": [],
      "afterHooks": [],
      "tests": [],
      "suites": [
        {
          "uuid": "487196aa-ada4-4c48-bd3e-f320ae71987c",
          "title": "index test",
          "fullFile": "/mnt/d/study/jsTest/mocha2/test/index.spec.js",
          "file": "/test/index.spec.js",
          "beforeHooks": [],
          "afterHooks": [],
          "tests": [],
          "suites": [
            {
              "uuid": "c9ec62c2-2b4f-4ee0-8581-d0c4ffb60d6f",
              "title": "sayHello function",
              "fullFile": "/mnt/d/study/jsTest/mocha2/test/index.spec.js",
              "file": "/test/index.spec.js",
              "beforeHooks": [],
              "afterHooks": [],
              "tests": [
                {
                  "title": "should say Hello world",
                  "fullTitle": "index test sayHello function should say Hello world",
                  "timedOut": false,
                  "duration": 1,
                  "state": "passed",
                  "speed": "fast",
                  "pass": true,
                  "fail": false,
                  "pending": false,
                  "context": null,
                  "code": "var str = (0, _index.default)();\n(0, _chai.expect)(str).to.equal('Hello world');",
                  "err": {},
                  "uuid": "a2d88d9d-24f9-43e9-ac19-c65ff9296e76",
                  "parentUUID": "c9ec62c2-2b4f-4ee0-8581-d0c4ffb60d6f",
                  "isHook": false,
                  "skipped": false
                }
              ],
              "suites": [],
              "passes": [
                "a2d88d9d-24f9-43e9-ac19-c65ff9296e76"
              ],
              "failures": [],
              "pending": [],
              "skipped": [],
              "duration": 1,
              "root": false,
              "rootEmpty": false,
              "_timeout": 2000
            }
          ],
          "passes": [],
          "failures": [],
          "pending": [],
          "skipped": [],
          "duration": 0,
          "root": false,
          "rootEmpty": false,
          "_timeout": 2000
        }
      ],
      "passes": [],
      "failures": [],
      "pending": [],
      "skipped": [],
      "duration": 0,
      "root": true,
      "rootEmpty": true,
      "_timeout": 2000
    }
  ],
  "meta": {
    "mocha": {
      "version": "8.0.1"
    },
    "mochawesome": {
      "options": {
        "quiet": false,
        "reportFilename": "mochawesome",
        "saveHtml": true,
        "saveJson": true,
        "consoleReporter": "spec",
        "useInlineDiffs": false,
        "code": true
      },
      "version": "6.1.1"
    },
    "marge": {
      "options": null,
      "version": "5.1.0"
    }
  }
}